<?xml version="1.0" encoding="UTF-8"?>
<!-- Generated by org.testng.reporters.JUnitXMLReporter -->
<testsuite hostname="DESKTOP-QSPLCG3" ignored="0" name="Default test" tests="21" failures="1" timestamp="2020-06-29T15:45:26 EDT" time="78.884" errors="0">
  <testcase name="TC001loginValidatePCS" time="1.134" classname="src.com.example.tests.RegressionTestPCS"/>
  <testcase name="TC002createNodePCS" time="0.0" classname="src.com.example.tests.RegressionTestPCS"/>
  <testcase name="TC003createExistingNodePCS" time="0.001" classname="src.com.example.tests.RegressionTestPCS"/>
  <testcase name="TC004deleteNodePCS" time="0.001" classname="src.com.example.tests.RegressionTestPCS"/>
  <testcase name="TC005editNodePCS" time="0.001" classname="src.com.example.tests.RegressionTestPCS"/>
  <testcase name="TC006statusCheckPCS" time="0.0" classname="src.com.example.tests.RegressionTestPCS"/>
  <testcase name="TC007setSchedulerAllNodesPCS" time="0.0" classname="src.com.example.tests.RegressionTestPCS"/>
  <testcase name="TC008setGlobalUnitMeasurePCS" time="0.001" classname="src.com.example.tests.RegressionTestPCS"/>
  <testcase name="TC009statusCheckPCS" time="0.001" classname="src.com.example.tests.RegressionTestPCS"/>
  <testcase name="TC010getSnapshotPCS" time="71.399" classname="src.com.example.tests.RegressionTestPCS">
    <failure type="org.openqa.selenium.TimeoutException" message="Expected condition failed: waiting for presence of element located by: By.id: inputRawImages (tried for 60 second(s) with 500 milliseconds interval)">
      <![CDATA[org.openqa.selenium.TimeoutException: Expected condition failed: waiting for presence of element located by: By.id: inputRawImages (tried for 60 second(s) with 500 milliseconds interval)
at org.openqa.selenium.support.ui.WebDriverWait.timeoutException(WebDriverWait.java:95)
at org.openqa.selenium.support.ui.FluentWait.until(FluentWait.java:272)
at src.com.example.tests.SuiteTestPCS.getSnapshot(SuiteTestPCS.java:846)
at src.com.example.tests.RegressionTestPCS.TC010getSnapshotPCS(RegressionTestPCS.java:105)
at sun.reflect.NativeMethodAccessorImpl.invoke0(Native Method)
at sun.reflect.NativeMethodAccessorImpl.invoke(NativeMethodAccessorImpl.java:62)
at sun.reflect.DelegatingMethodAccessorImpl.invoke(DelegatingMethodAccessorImpl.java:43)
at java.lang.reflect.Method.invoke(Method.java:498)
at org.testng.internal.MethodInvocationHelper.invokeMethod(MethodInvocationHelper.java:133)
at org.testng.internal.TestInvoker.invokeMethod(TestInvoker.java:584)
at org.testng.internal.TestInvoker.invokeTestMethod(TestInvoker.java:172)
at org.testng.internal.MethodRunner.runInSequence(MethodRunner.java:46)
at org.testng.internal.TestInvoker$MethodInvocationAgent.invoke(TestInvoker.java:804)
at org.testng.internal.TestInvoker.invokeTestMethods(TestInvoker.java:145)
at org.testng.internal.TestMethodWorker.invokeTestMethods(TestMethodWorker.java:146)
at org.testng.internal.TestMethodWorker.run(TestMethodWorker.java:128)
at java.util.ArrayList.forEach(ArrayList.java:1257)
at org.testng.TestRunner.privateRun(TestRunner.java:770)
at org.testng.TestRunner.run(TestRunner.java:591)
at org.testng.SuiteRunner.runTest(SuiteRunner.java:402)
at org.testng.SuiteRunner.runSequentially(SuiteRunner.java:396)
at org.testng.SuiteRunner.privateRun(SuiteRunner.java:355)
at org.testng.SuiteRunner.run(SuiteRunner.java:304)
at org.testng.SuiteRunnerWorker.runSuite(SuiteRunnerWorker.java:53)
at org.testng.SuiteRunnerWorker.run(SuiteRunnerWorker.java:96)
at org.testng.TestNG.runSuitesSequentially(TestNG.java:1180)
at org.testng.TestNG.runSuitesLocally(TestNG.java:1102)
at org.testng.TestNG.runSuites(TestNG.java:1032)
at org.testng.TestNG.run(TestNG.java:1000)
at org.testng.remote.AbstractRemoteTestNG.run(AbstractRemoteTestNG.java:115)
at org.testng.remote.RemoteTestNG.initAndRun(RemoteTestNG.java:251)
at org.testng.remote.RemoteTestNG.main(RemoteTestNG.java:77)
Caused by: org.openqa.selenium.NoSuchElementException: no such element: Unable to locate element: {"method":"css selector","selector":"#inputRawImages"}
  (Session info: chrome=83.0.4103.116)
For documentation on this error, please visit: https://www.seleniumhq.org/exceptions/no_such_element.html
Build info: version: '3.141.59', revision: 'e82be7d358', time: '2018-11-14T08:25:53'
System info: host: 'DESKTOP-QSPLCG3', ip: '10.10.10.215', os.name: 'Windows 10', os.arch: 'amd64', os.version: '10.0', java.version: '1.8.0_231'
Driver info: org.openqa.selenium.chrome.ChromeDriver
Capabilities {acceptInsecureCerts: false, browserName: chrome, browserVersion: 83.0.4103.116, chrome: {chromedriverVersion: 83.0.4103.14 (be04594a2b841..., userDataDir: C:\Users\DANIEL~1\AppData\L...}, goog:chromeOptions: {debuggerAddress: localhost:57359}, javascriptEnabled: true, networkConnectionEnabled: false, pageLoadStrategy: normal, platform: WINDOWS, platformName: WINDOWS, proxy: Proxy(), setWindowRect: true, strictFileInteractability: false, timeouts: {implicit: 0, pageLoad: 300000, script: 30000}, unhandledPromptBehavior: dismiss and notify, webauthn:virtualAuthenticators: true}
Session ID: 201b99e4cb08f53033a76cf7087cbfb4
*** Element info: {Using=id, value=inputRawImages}
at sun.reflect.NativeConstructorAccessorImpl.newInstance0(Native Method)
at sun.reflect.NativeConstructorAccessorImpl.newInstance(NativeConstructorAccessorImpl.java:62)
at sun.reflect.DelegatingConstructorAccessorImpl.newInstance(DelegatingConstructorAccessorImpl.java:45)
at java.lang.reflect.Constructor.newInstance(Constructor.java:423)
at org.openqa.selenium.remote.http.W3CHttpResponseCodec.createException(W3CHttpResponseCodec.java:187)
at org.openqa.selenium.remote.http.W3CHttpResponseCodec.decode(W3CHttpResponseCodec.java:122)
at org.openqa.selenium.remote.http.W3CHttpResponseCodec.decode(W3CHttpResponseCodec.java:49)
at org.openqa.selenium.remote.HttpCommandExecutor.execute(HttpCommandExecutor.java:158)
at org.openqa.selenium.remote.service.DriverCommandExecutor.execute(DriverCommandExecutor.java:83)
at org.openqa.selenium.remote.RemoteWebDriver.execute(RemoteWebDriver.java:552)
at org.openqa.selenium.remote.RemoteWebDriver.findElement(RemoteWebDriver.java:323)
at org.openqa.selenium.remote.RemoteWebDriver.findElementById(RemoteWebDriver.java:372)
at org.openqa.selenium.By$ById.findElement(By.java:188)
at org.openqa.selenium.remote.RemoteWebDriver.findElement(RemoteWebDriver.java:315)
at org.openqa.selenium.support.ui.ExpectedConditions$6.apply(ExpectedConditions.java:182)
at org.openqa.selenium.support.ui.ExpectedConditions$6.apply(ExpectedConditions.java:179)
at org.openqa.selenium.support.ui.FluentWait.until(FluentWait.java:249)
... 30 more
]]>
    </failure>
  </testcase> <!-- TC010getSnapshotPCS -->
  <testcase name="TC011setAlarmPCS" time="0.0" classname="src.com.example.tests.RegressionTestPCS">
    <skipped/>
  </testcase> <!-- TC011setAlarmPCS -->
  <testcase name="TC012saveAndApplyMultipleNodePCS" time="0.0" classname="src.com.example.tests.RegressionTestPCS">
    <skipped/>
  </testcase> <!-- TC012saveAndApplyMultipleNodePCS -->
  <testcase name="TC013setCycleTimePCS" time="0.0" classname="src.com.example.tests.RegressionTestPCS">
    <skipped/>
  </testcase> <!-- TC013setCycleTimePCS -->
  <testcase name="TC014setScheduleTypePCS" time="0.0" classname="src.com.example.tests.RegressionTestPCS">
    <skipped/>
  </testcase> <!-- TC014setScheduleTypePCS -->
  <testcase name="TC015loginValidatePOP" time="0.0" classname="src.com.example.tests.RegressionTestPCS">
    <skipped/>
  </testcase> <!-- TC015loginValidatePOP -->
  <testcase name="TC016checkCamerasPOP" time="0.0" classname="src.com.example.tests.RegressionTestPCS">
    <skipped/>
  </testcase> <!-- TC016checkCamerasPOP -->
  <testcase name="TC017createNewCameraPOP" time="0.0" classname="src.com.example.tests.RegressionTestPCS">
    <skipped/>
  </testcase> <!-- TC017createNewCameraPOP -->
  <testcase name="TC018createDisplayGroupPOP" time="0.0" classname="src.com.example.tests.RegressionTestPCS">
    <skipped/>
  </testcase> <!-- TC018createDisplayGroupPOP -->
  <testcase name="TC018deleteAllNodesPCS" time="0.0" classname="src.com.example.tests.RegressionTestPCS">
    <skipped/>
  </testcase> <!-- TC018deleteAllNodesPCS -->
  <testcase name="TC019checkDisplayGroupPOP" time="0.0" classname="src.com.example.tests.RegressionTestPCS">
    <skipped/>
  </testcase> <!-- TC019checkDisplayGroupPOP -->
  <testcase name="TC019setGlobalUnitMeasureToInchesPCS" time="0.0" classname="src.com.example.tests.RegressionTestPCS">
    <skipped/>
  </testcase> <!-- TC019setGlobalUnitMeasureToInchesPCS -->
</testsuite> <!-- Default test -->
