<?xml version="1.0" encoding="UTF-8"?>
<!-- Generated by org.testng.reporters.JUnitReportReporter -->
<testsuite skipped="1" hostname="DESKTOP-QSPLCG3" name="src.com.example.tests.ConfigFileTest" tests="3" failures="0" timestamp="2020-01-16T15:07:17 EST" time="15.531" errors="2">
  <testcase name="testConfigFile" time="0.000" classname="src.com.example.tests.ConfigFileTest">
    <skipped/>
  </testcase> <!-- testConfigFile -->
  <testcase name="tearDown" time="0.000" classname="src.com.example.tests.ConfigFileTest">
    <error type="java.lang.NullPointerException">
      <![CDATA[java.lang.NullPointerException
at src.com.example.tests.ConfigFileTest.tearDown(ConfigFileTest.java:58)
at sun.reflect.NativeMethodAccessorImpl.invoke0(Native Method)
at sun.reflect.NativeMethodAccessorImpl.invoke(NativeMethodAccessorImpl.java:62)
at sun.reflect.DelegatingMethodAccessorImpl.invoke(DelegatingMethodAccessorImpl.java:43)
at java.lang.reflect.Method.invoke(Method.java:498)
at org.testng.internal.MethodInvocationHelper.invokeMethod(MethodInvocationHelper.java:133)
at org.testng.internal.MethodInvocationHelper.invokeMethodConsideringTimeout(MethodInvocationHelper.java:62)
at org.testng.internal.ConfigInvoker.invokeConfigurationMethod(ConfigInvoker.java:340)
at org.testng.internal.ConfigInvoker.invokeConfigurations(ConfigInvoker.java:294)
at org.testng.internal.TestMethodWorker.invokeAfterClassMethods(TestMethodWorker.java:217)
at org.testng.internal.TestMethodWorker.run(TestMethodWorker.java:130)
at java.util.ArrayList.forEach(ArrayList.java:1257)
at org.testng.TestRunner.privateRun(TestRunner.java:770)
at org.testng.TestRunner.run(TestRunner.java:591)
at org.testng.SuiteRunner.runTest(SuiteRunner.java:402)
at org.testng.SuiteRunner.runSequentially(SuiteRunner.java:396)
at org.testng.SuiteRunner.privateRun(SuiteRunner.java:355)
at org.testng.SuiteRunner.run(SuiteRunner.java:304)
at org.testng.SuiteRunnerWorker.runSuite(SuiteRunnerWorker.java:53)
at org.testng.SuiteRunnerWorker.run(SuiteRunnerWorker.java:96)
at org.testng.TestNG.runSuitesSequentially(TestNG.java:1180)
at org.testng.TestNG.runSuitesLocally(TestNG.java:1102)
at org.testng.TestNG.runSuites(TestNG.java:1032)
at org.testng.TestNG.run(TestNG.java:1000)
at src.com.example.tests.ConfigFileTest.main(ConfigFileTest.java:17)
]]>
    </error>
  </testcase> <!-- tearDown -->
  <testcase name="setUp" time="15.531" classname="src.com.example.tests.ConfigFileTest">
    <error type="org.openqa.selenium.SessionNotCreatedException" message="session not created
from chrome not reachable
  (Session info: chrome=79.0.3945.117)
Build info: version: &#039;3.141.59&#039;, revision: &#039;e82be7d358&#039;, time: &#039;2018-11-14T08:25:53&#039;
System info: host: &#039;DESKTOP-QSPLCG3&#039;, ip: &#039;192.168.1.157&#039;, os.name: &#039;Windows 10&#039;, os.arch: &#039;amd64&#039;, os.version: &#039;10.0&#039;, java.version: &#039;1.8.0_231&#039;
Driver info: driver.version: ChromeDriver
remote stacktrace: Backtrace:
	Ordinal0 [0x0034A923+1550627]
	Ordinal0 [0x002CA731+1025841]
	Ordinal0 [0x0024C5BE+509374]
	Ordinal0 [0x002462F2+484082]
	Ordinal0 [0x002469CB+485835]
	Ordinal0 [0x00247B35+490293]
	Ordinal0 [0x00243AB5+473781]
	Ordinal0 [0x0024D360+512864]
	Ordinal0 [0x001FB649+177737]
	Ordinal0 [0x001FA8ED+174317]
	Ordinal0 [0x001F8CDB+167131]
	Ordinal0 [0x001E144A+70730]
	Ordinal0 [0x001E24D0+74960]
	Ordinal0 [0x001E2469+74857]
	Ordinal0 [0x002E42F7+1131255]
	GetHandleVerifier [0x003E711D+523789]
	GetHandleVerifier [0x003E6EB0+523168]
	GetHandleVerifier [0x003EE207+552695]
	GetHandleVerifier [0x003E791A+525834]
	Ordinal0 [0x002DB82C+1095724]
	Ordinal0 [0x002E636B+1139563]
	Ordinal0 [0x002E64D3+1139923]
	Ordinal0 [0x002E5455+1135701]
	BaseThreadInitThunk [0x76B46359+25]
	RtlGetAppContainerNamedObjectPath [0x77837B74+228]
	RtlGetAppContainerNamedObjectPath [0x77837B44+180]
">
      <![CDATA[org.openqa.selenium.SessionNotCreatedException: session not created
from chrome not reachable
  (Session info: chrome=79.0.3945.117)
Build info: version: '3.141.59', revision: 'e82be7d358', time: '2018-11-14T08:25:53'
System info: host: 'DESKTOP-QSPLCG3', ip: '192.168.1.157', os.name: 'Windows 10', os.arch: 'amd64', os.version: '10.0', java.version: '1.8.0_231'
Driver info: driver.version: ChromeDriver
remote stacktrace: Backtrace:
Ordinal0 [0x0034A923+1550627]
Ordinal0 [0x002CA731+1025841]
Ordinal0 [0x0024C5BE+509374]
Ordinal0 [0x002462F2+484082]
Ordinal0 [0x002469CB+485835]
Ordinal0 [0x00247B35+490293]
Ordinal0 [0x00243AB5+473781]
Ordinal0 [0x0024D360+512864]
Ordinal0 [0x001FB649+177737]
Ordinal0 [0x001FA8ED+174317]
Ordinal0 [0x001F8CDB+167131]
Ordinal0 [0x001E144A+70730]
Ordinal0 [0x001E24D0+74960]
Ordinal0 [0x001E2469+74857]
Ordinal0 [0x002E42F7+1131255]
GetHandleVerifier [0x003E711D+523789]
GetHandleVerifier [0x003E6EB0+523168]
GetHandleVerifier [0x003EE207+552695]
GetHandleVerifier [0x003E791A+525834]
Ordinal0 [0x002DB82C+1095724]
Ordinal0 [0x002E636B+1139563]
Ordinal0 [0x002E64D3+1139923]
Ordinal0 [0x002E5455+1135701]
BaseThreadInitThunk [0x76B46359+25]
RtlGetAppContainerNamedObjectPath [0x77837B74+228]
RtlGetAppContainerNamedObjectPath [0x77837B44+180]

at sun.reflect.NativeConstructorAccessorImpl.newInstance0(Native Method)
at sun.reflect.NativeConstructorAccessorImpl.newInstance(NativeConstructorAccessorImpl.java:62)
at sun.reflect.DelegatingConstructorAccessorImpl.newInstance(DelegatingConstructorAccessorImpl.java:45)
at java.lang.reflect.Constructor.newInstance(Constructor.java:423)
at org.openqa.selenium.remote.W3CHandshakeResponse.lambda$errorHandler$0(W3CHandshakeResponse.java:62)
at org.openqa.selenium.remote.HandshakeResponse.lambda$getResponseFunction$0(HandshakeResponse.java:30)
at org.openqa.selenium.remote.ProtocolHandshake.lambda$createSession$0(ProtocolHandshake.java:126)
at java.util.stream.ReferencePipeline$3$1.accept(ReferencePipeline.java:193)
at java.util.Spliterators$ArraySpliterator.tryAdvance(Spliterators.java:958)
at java.util.stream.ReferencePipeline.forEachWithCancel(ReferencePipeline.java:126)
at java.util.stream.AbstractPipeline.copyIntoWithCancel(AbstractPipeline.java:499)
at java.util.stream.AbstractPipeline.copyInto(AbstractPipeline.java:486)
at java.util.stream.AbstractPipeline.wrapAndCopyInto(AbstractPipeline.java:472)
at java.util.stream.FindOps$FindOp.evaluateSequential(FindOps.java:152)
at java.util.stream.AbstractPipeline.evaluate(AbstractPipeline.java:234)
at java.util.stream.ReferencePipeline.findFirst(ReferencePipeline.java:464)
at org.openqa.selenium.remote.ProtocolHandshake.createSession(ProtocolHandshake.java:128)
at org.openqa.selenium.remote.ProtocolHandshake.createSession(ProtocolHandshake.java:74)
at org.openqa.selenium.remote.HttpCommandExecutor.execute(HttpCommandExecutor.java:136)
at org.openqa.selenium.remote.service.DriverCommandExecutor.execute(DriverCommandExecutor.java:83)
at org.openqa.selenium.remote.RemoteWebDriver.execute(RemoteWebDriver.java:552)
at org.openqa.selenium.remote.RemoteWebDriver.startSession(RemoteWebDriver.java:213)
at org.openqa.selenium.remote.RemoteWebDriver.<init>(RemoteWebDriver.java:131)
at org.openqa.selenium.chrome.ChromeDriver.<init>(ChromeDriver.java:181)
at org.openqa.selenium.chrome.ChromeDriver.<init>(ChromeDriver.java:168)
at org.openqa.selenium.chrome.ChromeDriver.<init>(ChromeDriver.java:123)
at src.com.example.tests.ConfigFileTest.setUp(ConfigFileTest.java:30)
at sun.reflect.NativeMethodAccessorImpl.invoke0(Native Method)
at sun.reflect.NativeMethodAccessorImpl.invoke(NativeMethodAccessorImpl.java:62)
at sun.reflect.DelegatingMethodAccessorImpl.invoke(DelegatingMethodAccessorImpl.java:43)
at java.lang.reflect.Method.invoke(Method.java:498)
at org.testng.internal.MethodInvocationHelper.invokeMethod(MethodInvocationHelper.java:133)
at org.testng.internal.MethodInvocationHelper.invokeMethodConsideringTimeout(MethodInvocationHelper.java:62)
at org.testng.internal.ConfigInvoker.invokeConfigurationMethod(ConfigInvoker.java:340)
at org.testng.internal.ConfigInvoker.invokeConfigurations(ConfigInvoker.java:294)
at org.testng.internal.TestMethodWorker.invokeBeforeClassMethods(TestMethodWorker.java:176)
at org.testng.internal.TestMethodWorker.run(TestMethodWorker.java:122)
at java.util.ArrayList.forEach(ArrayList.java:1257)
at org.testng.TestRunner.privateRun(TestRunner.java:770)
at org.testng.TestRunner.run(TestRunner.java:591)
at org.testng.SuiteRunner.runTest(SuiteRunner.java:402)
at org.testng.SuiteRunner.runSequentially(SuiteRunner.java:396)
at org.testng.SuiteRunner.privateRun(SuiteRunner.java:355)
at org.testng.SuiteRunner.run(SuiteRunner.java:304)
at org.testng.SuiteRunnerWorker.runSuite(SuiteRunnerWorker.java:53)
at org.testng.SuiteRunnerWorker.run(SuiteRunnerWorker.java:96)
at org.testng.TestNG.runSuitesSequentially(TestNG.java:1180)
at org.testng.TestNG.runSuitesLocally(TestNG.java:1102)
at org.testng.TestNG.runSuites(TestNG.java:1032)
at org.testng.TestNG.run(TestNG.java:1000)
at src.com.example.tests.ConfigFileTest.main(ConfigFileTest.java:17)
]]>
    </error>
  </testcase> <!-- setUp -->
</testsuite> <!-- src.com.example.tests.ConfigFileTest -->
