<?xml version="1.0" encoding="UTF-8"?>
<!-- Generated by org.testng.reporters.JUnitXMLReporter -->
<testsuite hostname="DESKTOP-QSPLCG3" ignored="0" name="Command line test" tests="1" failures="0" timestamp="2020-01-06T13:48:15 EST" time="0.073" errors="0">
  <testcase name="@BeforeClass setUp" time="0.044" classname="src.com.example.tests.TC001LoginValidate">
    <failure type="java.lang.IllegalStateException" message="The driver executable does not exist: C:\PCSNightlyBuild\AutomatedTests">
      <![CDATA[java.lang.IllegalStateException: The driver executable does not exist: C:\PCSNightlyBuild\AutomatedTests
at com.google.common.base.Preconditions.checkState(Preconditions.java:585)
at org.openqa.selenium.remote.service.DriverService.checkExecutable(DriverService.java:146)
at org.openqa.selenium.remote.service.DriverService.findExecutable(DriverService.java:141)
at org.openqa.selenium.chrome.ChromeDriverService.access$000(ChromeDriverService.java:35)
at org.openqa.selenium.chrome.ChromeDriverService$Builder.findDefaultExecutable(ChromeDriverService.java:159)
at org.openqa.selenium.remote.service.DriverService$Builder.build(DriverService.java:355)
at org.openqa.selenium.chrome.ChromeDriverService.createDefaultService(ChromeDriverService.java:94)
at org.openqa.selenium.chrome.ChromeDriver.<init>(ChromeDriver.java:123)
at src.com.example.tests.TC001LoginValidate.setUp(TC001LoginValidate.java:36)
at java.util.ArrayList.forEach(ArrayList.java:1257)
at src.com.example.tests.TC001LoginValidate.main(TC001LoginValidate.java:20)
... Removed 22 stack frames]]>
    </failure>
  </testcase> <!-- @BeforeClass setUp -->
  <testcase name="@AfterClass tearDown" time="0.0" classname="src.com.example.tests.TC001LoginValidate">
    <failure type="java.lang.NullPointerException">
      <![CDATA[java.lang.NullPointerException
at src.com.example.tests.TC001LoginValidate.tearDown(TC001LoginValidate.java:54)
at java.util.ArrayList.forEach(ArrayList.java:1257)
at src.com.example.tests.TC001LoginValidate.main(TC001LoginValidate.java:20)
... Removed 22 stack frames]]>
    </failure>
  </testcase> <!-- @AfterClass tearDown -->
  <testcase name="testTC001LoginValidate" time="0.0" classname="src.com.example.tests.TC001LoginValidate">
    <skipped/>
  </testcase> <!-- testTC001LoginValidate -->
</testsuite> <!-- Command line test -->
