<?xml version="1.0" encoding="UTF-8"?>
<!-- Generated by org.testng.reporters.JUnitXMLReporter -->
<testsuite hostname="DESKTOP-QSPLCG3" ignored="0" name="Command line test" tests="12" failures="1" timestamp="2020-03-25T11:26:26 EDT" time="105.705" errors="0">
  <testcase name="TC001loginValidatePCS" time="1.152" classname="src.com.example.tests.RegressionTestPCS"/>
  <testcase name="TC002createNodePCS" time="3.544" classname="src.com.example.tests.RegressionTestPCS"/>
  <testcase name="TC003createExistingNode" time="0.971" classname="src.com.example.tests.RegressionTestPCS"/>
  <testcase name="TC004deleteNode" time="3.218" classname="src.com.example.tests.RegressionTestPCS"/>
  <testcase name="TC005editNode" time="18.028" classname="src.com.example.tests.RegressionTestPCS"/>
  <testcase name="TC006statusCheck" time="42.016" classname="src.com.example.tests.RegressionTestPCS"/>
  <testcase name="TC007stopSchedulerAllNodes" time="19.51" classname="src.com.example.tests.RegressionTestPCS"/>
  <testcase name="TC008setGlobalUnitMeasure" time="0.933" classname="src.com.example.tests.RegressionTestPCS"/>
  <testcase name="TC009statusCheck" time="0.0" classname="src.com.example.tests.RegressionTestPCS"/>
  <testcase name="TC010getSnapshot" time="0.0" classname="src.com.example.tests.RegressionTestPCS"/>
  <testcase name="TC0011setCycleTime" time="0.0" classname="src.com.example.tests.RegressionTestPCS"/>
  <testcase name="TC012deleteAllNodes" time="6.071" classname="src.com.example.tests.RegressionTestPCS">
    <failure type="org.openqa.selenium.StaleElementReferenceException" message="stale element reference: element is not attached to the page document
  (Session info: chrome=80.0.3987.149)
For documentation on this error, please visit: https://www.seleniumhq.org/exceptions/stale_element_reference.html
Build info: version: &amp;apos;3.141.59&amp;apos;, revision: &amp;apos;e82be7d358&amp;apos;, time: &amp;apos;2018-11-14T08:25:53&amp;apos;
System info: host: &amp;apos;DESKTOP-QSPLCG3&amp;apos;, ip: &amp;apos;192.168.0.18&amp;apos;, os.name: &amp;apos;Windows 10&amp;apos;, os.arch: &amp;apos;amd64&amp;apos;, os.version: &amp;apos;10.0&amp;apos;, java.version: &amp;apos;1.8.0_231&amp;apos;
Driver info: org.openqa.selenium.chrome.ChromeDriver
Capabilities {acceptInsecureCerts: false, browserName: chrome, browserVersion: 80.0.3987.149, chrome: {chromedriverVersion: 80.0.3987.106 (f68069574609..., userDataDir: C:\Users\DANIEL~1\AppData\L...}, goog:chromeOptions: {debuggerAddress: localhost:50474}, javascriptEnabled: true, networkConnectionEnabled: false, pageLoadStrategy: normal, platform: WINDOWS, platformName: WINDOWS, proxy: Proxy(), setWindowRect: true, strictFileInteractability: false, timeouts: {implicit: 0, pageLoad: 300000, script: 30000}, unhandledPromptBehavior: dismiss and notify}
Session ID: edeadb3abefc7d764abda158d7cf271a
*** Element info: {Using=id, value=tableNodeID}">
      <![CDATA[org.openqa.selenium.StaleElementReferenceException: stale element reference: element is not attached to the page document
  (Session info: chrome=80.0.3987.149)
For documentation on this error, please visit: https://www.seleniumhq.org/exceptions/stale_element_reference.html
Build info: version: '3.141.59', revision: 'e82be7d358', time: '2018-11-14T08:25:53'
System info: host: 'DESKTOP-QSPLCG3', ip: '192.168.0.18', os.name: 'Windows 10', os.arch: 'amd64', os.version: '10.0', java.version: '1.8.0_231'
Driver info: org.openqa.selenium.chrome.ChromeDriver
Capabilities {acceptInsecureCerts: false, browserName: chrome, browserVersion: 80.0.3987.149, chrome: {chromedriverVersion: 80.0.3987.106 (f68069574609..., userDataDir: C:\Users\DANIEL~1\AppData\L...}, goog:chromeOptions: {debuggerAddress: localhost:50474}, javascriptEnabled: true, networkConnectionEnabled: false, pageLoadStrategy: normal, platform: WINDOWS, platformName: WINDOWS, proxy: Proxy(), setWindowRect: true, strictFileInteractability: false, timeouts: {implicit: 0, pageLoad: 300000, script: 30000}, unhandledPromptBehavior: dismiss and notify}
Session ID: edeadb3abefc7d764abda158d7cf271a
*** Element info: {Using=id, value=tableNodeID}
at org.openqa.selenium.remote.http.W3CHttpResponseCodec.createException(W3CHttpResponseCodec.java:187)
at org.openqa.selenium.remote.http.W3CHttpResponseCodec.decode(W3CHttpResponseCodec.java:122)
at org.openqa.selenium.remote.http.W3CHttpResponseCodec.decode(W3CHttpResponseCodec.java:49)
at org.openqa.selenium.remote.HttpCommandExecutor.execute(HttpCommandExecutor.java:158)
at org.openqa.selenium.remote.service.DriverCommandExecutor.execute(DriverCommandExecutor.java:83)
at org.openqa.selenium.remote.RemoteWebDriver.execute(RemoteWebDriver.java:552)
at org.openqa.selenium.remote.RemoteWebElement.execute(RemoteWebElement.java:285)
at org.openqa.selenium.remote.RemoteWebElement.findElement(RemoteWebElement.java:185)
at org.openqa.selenium.remote.RemoteWebElement.findElementById(RemoteWebElement.java:221)
at org.openqa.selenium.By$ById.findElement(By.java:188)
at org.openqa.selenium.remote.RemoteWebElement.findElement(RemoteWebElement.java:181)
at src.com.example.tests.SuiteTestPCS.deleteNodeAllNodes(SuiteTestPCS.java:637)
at src.com.example.tests.RegressionTestPCS.TC012deleteAllNodes(RegressionTestPCS.java:101)
at java.util.ArrayList.forEach(ArrayList.java:1257)
at src.com.example.tests.RegressionTestPCS.main(RegressionTestPCS.java:21)
... Removed 28 stack frames]]>
    </failure>
  </testcase> <!-- TC012deleteAllNodes -->
</testsuite> <!-- Command line test -->
